This file contains any messages produced by compilers while
running configure, to aid debugging if configure makes a mistake.

It was created by Google C++ Testing Framework configure 1.7.0, which was
generated by GNU Autoconf 2.69.  Invocation command line was

  $ ./configure --disable-option-checking --prefix=/home/summerxwu/code/kunlun/zettalib/src/vendor/vendor_output CFLAGS= CXXFLAGS= -g -DNDEBUG --cache-file=/dev/null --srcdir=.

## --------- ##
## Platform. ##
## --------- ##

hostname = localhost.localdomain
uname -m = x86_64
uname -r = 4.18.0-305.17.1.el8_4.x86_64
uname -s = Linux
uname -v = #1 SMP Wed Sep 8 14:00:07 UTC 2021

/usr/bin/uname -p = x86_64
/bin/uname -X     = unknown

/bin/arch              = x86_64
/usr/bin/arch -k       = unknown
/usr/convex/getsysinfo = unknown
/usr/bin/hostinfo      = unknown
/bin/machine           = unknown
/usr/bin/oslevel       = unknown
/bin/universe          = unknown

PATH: /opt/rh/gcc-toolset-9/root/usr/bin
PATH: /home/summerxwu/.cargo/bin
PATH: /home/summerxwu/.local/bin
PATH: /home/summerxwu/bin
PATH: /usr/share/Modules/bin
PATH: /usr/local/bin
PATH: /usr/bin
PATH: /usr/local/sbin
PATH: /usr/sbin
PATH: /usr/local/go/bin
PATH: /home/summerxwu/go/bin
PATH: /home/summerxwu/play_ground/hadoop-hdfs/hadoop-2.7.3/bin
PATH: /home/summerxwu/play_ground/hadoop-hdfs/hadoop-2.7.3/sbin
PATH: /usr/lib/jvm/java-1.8.0-openjdk-1.8.0.312.b07-1.el8_4.x86_64/bin
PATH: /usr/lib/jvm/java-1.8.0-openjdk-1.8.0.312.b07-1.el8_4.x86_64/jre/bin


## ----------- ##
## Core tests. ##
## ----------- ##

configure:2328: checking for a BSD-compatible install
configure:2396: result: /usr/bin/install -c
configure:2407: checking whether build environment is sane
configure:2462: result: yes
configure:2613: checking for a thread-safe mkdir -p
configure:2652: result: /usr/bin/mkdir -p
configure:2659: checking for gawk
configure:2675: found /usr/bin/gawk
configure:2686: result: gawk
configure:2697: checking whether make sets $(MAKE)
configure:2719: result: yes
configure:2748: checking whether make supports nested variables
configure:2765: result: yes
configure:2941: checking for gcc
configure:2957: found /opt/rh/gcc-toolset-9/root/usr/bin/gcc
configure:2968: result: gcc
configure:3197: checking for C compiler version
configure:3206: gcc --version >&5
gcc (GCC) 9.2.1 20191120 (Red Hat 9.2.1-2)
Copyright (C) 2019 Free Software Foundation, Inc.
This is free software; see the source for copying conditions.  There is NO
warranty; not even for MERCHANTABILITY or FITNESS FOR A PARTICULAR PURPOSE.

configure:3217: $? = 0
configure:3206: gcc -v >&5
Using built-in specs.
COLLECT_GCC=gcc
COLLECT_LTO_WRAPPER=/opt/rh/gcc-toolset-9/root/usr/libexec/gcc/x86_64-redhat-linux/9/lto-wrapper
Target: x86_64-redhat-linux
Configured with: ../configure --enable-bootstrap --enable-languages=c,c++,fortran,lto --prefix=/opt/rh/gcc-toolset-9/root/usr --mandir=/opt/rh/gcc-toolset-9/root/usr/share/man --infodir=/opt/rh/gcc-toolset-9/root/usr/share/info --with-bugurl=http://bugzilla.redhat.com/bugzilla --enable-shared --enable-threads=posix --enable-checking=release --enable-multilib --with-system-zlib --enable-__cxa_atexit --disable-libunwind-exceptions --enable-gnu-unique-object --enable-linker-build-id --with-gcc-major-version-only --with-linker-hash-style=gnu --enable-plugin --enable-initfini-array --with-isl=/builddir/build/BUILD/gcc-9.2.1-20191120/obj-x86_64-redhat-linux/isl-install --disable-libmpx --enable-gnu-indirect-function --with-tune=generic --with-arch_32=x86-64 --build=x86_64-redhat-linux
Thread model: posix
gcc version 9.2.1 20191120 (Red Hat 9.2.1-2) (GCC) 
configure:3217: $? = 0
configure:3206: gcc -V >&5
gcc: error: unrecognized command line option '-V'
gcc: fatal error: no input files
compilation terminated.
configure:3217: $? = 1
configure:3206: gcc -qversion >&5
gcc: error: unrecognized command line option '-qversion'; did you mean '--version'?
gcc: fatal error: no input files
compilation terminated.
configure:3217: $? = 1
configure:3237: checking whether the C compiler works
configure:3259: gcc    conftest.c  >&5
configure:3263: $? = 0
configure:3311: result: yes
configure:3314: checking for C compiler default output file name
configure:3316: result: a.out
configure:3322: checking for suffix of executables
configure:3329: gcc -o conftest    conftest.c  >&5
configure:3333: $? = 0
configure:3355: result: 
configure:3377: checking whether we are cross compiling
configure:3385: gcc -o conftest    conftest.c  >&5
configure:3389: $? = 0
configure:3396: ./conftest
configure:3400: $? = 0
configure:3415: result: no
configure:3420: checking for suffix of object files
configure:3442: gcc -c   conftest.c >&5
configure:3446: $? = 0
configure:3467: result: o
configure:3471: checking whether we are using the GNU C compiler
configure:3490: gcc -c   conftest.c >&5
configure:3490: $? = 0
configure:3499: result: yes
configure:3508: checking whether gcc accepts -g
configure:3528: gcc -c -g  conftest.c >&5
configure:3528: $? = 0
configure:3569: result: yes
configure:3586: checking for gcc option to accept ISO C89
configure:3649: gcc  -c   conftest.c >&5
configure:3649: $? = 0
configure:3662: result: none needed
configure:3687: checking whether gcc understands -c and -o together
configure:3709: gcc -c conftest.c -o conftest2.o
configure:3712: $? = 0
configure:3709: gcc -c conftest.c -o conftest2.o
configure:3712: $? = 0
configure:3724: result: yes
configure:3744: checking whether make supports the include directive
configure:3759: make -f confmf.GNU && cat confinc.out
this is the am__doit target
configure:3762: $? = 0
configure:3781: result: yes (GNU style)
configure:3806: checking dependency style of gcc
configure:3917: result: gcc3
configure:3990: checking for g++
configure:4006: found /opt/rh/gcc-toolset-9/root/usr/bin/g++
configure:4017: result: g++
configure:4044: checking for C++ compiler version
configure:4053: g++ --version >&5
g++ (GCC) 9.2.1 20191120 (Red Hat 9.2.1-2)
Copyright (C) 2019 Free Software Foundation, Inc.
This is free software; see the source for copying conditions.  There is NO
warranty; not even for MERCHANTABILITY or FITNESS FOR A PARTICULAR PURPOSE.

configure:4064: $? = 0
configure:4053: g++ -v >&5
Using built-in specs.
COLLECT_GCC=g++
COLLECT_LTO_WRAPPER=/opt/rh/gcc-toolset-9/root/usr/libexec/gcc/x86_64-redhat-linux/9/lto-wrapper
Target: x86_64-redhat-linux
Configured with: ../configure --enable-bootstrap --enable-languages=c,c++,fortran,lto --prefix=/opt/rh/gcc-toolset-9/root/usr --mandir=/opt/rh/gcc-toolset-9/root/usr/share/man --infodir=/opt/rh/gcc-toolset-9/root/usr/share/info --with-bugurl=http://bugzilla.redhat.com/bugzilla --enable-shared --enable-threads=posix --enable-checking=release --enable-multilib --with-system-zlib --enable-__cxa_atexit --disable-libunwind-exceptions --enable-gnu-unique-object --enable-linker-build-id --with-gcc-major-version-only --with-linker-hash-style=gnu --enable-plugin --enable-initfini-array --with-isl=/builddir/build/BUILD/gcc-9.2.1-20191120/obj-x86_64-redhat-linux/isl-install --disable-libmpx --enable-gnu-indirect-function --with-tune=generic --with-arch_32=x86-64 --build=x86_64-redhat-linux
Thread model: posix
gcc version 9.2.1 20191120 (Red Hat 9.2.1-2) (GCC) 
configure:4064: $? = 0
configure:4053: g++ -V >&5
g++: error: unrecognized command line option '-V'
g++: fatal error: no input files
compilation terminated.
configure:4064: $? = 1
configure:4053: g++ -qversion >&5
g++: error: unrecognized command line option '-qversion'; did you mean '--version'?
g++: fatal error: no input files
compilation terminated.
configure:4064: $? = 1
configure:4068: checking whether we are using the GNU C++ compiler
configure:4087: g++ -c  -g -DNDEBUG  conftest.cpp >&5
configure:4087: $? = 0
configure:4096: result: yes
configure:4105: checking whether g++ accepts -g
configure:4125: g++ -c -g  conftest.cpp >&5
configure:4125: $? = 0
configure:4166: result: yes
configure:4191: checking dependency style of g++
configure:4302: result: gcc3
configure:4352: checking build system type
configure:4366: result: x86_64-pc-linux-gnu
configure:4386: checking host system type
configure:4399: result: x86_64-pc-linux-gnu
configure:4440: checking how to print strings
configure:4467: result: printf
configure:4488: checking for a sed that does not truncate output
configure:4552: result: /usr/bin/sed
configure:4570: checking for grep that handles long lines and -e
configure:4628: result: /usr/bin/grep
configure:4633: checking for egrep
configure:4695: result: /usr/bin/grep -E
configure:4700: checking for fgrep
configure:4762: result: /usr/bin/grep -F
configure:4797: checking for ld used by gcc
configure:4864: result: /opt/rh/gcc-toolset-9/root/usr/bin/ld
configure:4871: checking if the linker (/opt/rh/gcc-toolset-9/root/usr/bin/ld) is GNU ld
configure:4886: result: yes
configure:4898: checking for BSD- or MS-compatible name lister (nm)
configure:4952: result: /opt/rh/gcc-toolset-9/root/usr/bin/nm -B
configure:5082: checking the name lister (/opt/rh/gcc-toolset-9/root/usr/bin/nm -B) interface
configure:5089: g++ -c  -g -DNDEBUG  conftest.cpp >&5
configure:5092: /opt/rh/gcc-toolset-9/root/usr/bin/nm -B "conftest.o"
configure:5095: output
0000000000000000 B some_variable
configure:5102: result: BSD nm
configure:5105: checking whether ln -s works
configure:5109: result: yes
configure:5117: checking the maximum length of command line arguments
configure:5248: result: 1572864
configure:5296: checking how to convert x86_64-pc-linux-gnu file names to x86_64-pc-linux-gnu format
configure:5336: result: func_convert_file_noop
configure:5343: checking how to convert x86_64-pc-linux-gnu file names to toolchain format
configure:5363: result: func_convert_file_noop
configure:5370: checking for /opt/rh/gcc-toolset-9/root/usr/bin/ld option to reload object files
configure:5377: result: -r
configure:5451: checking for objdump
configure:5467: found /opt/rh/gcc-toolset-9/root/usr/bin/objdump
configure:5478: result: objdump
configure:5510: checking how to recognize dependent libraries
configure:5710: result: pass_all
configure:5795: checking for dlltool
configure:5825: result: no
configure:5855: checking how to associate runtime and link libraries
configure:5882: result: printf %s\n
configure:5943: checking for ar
configure:5959: found /opt/rh/gcc-toolset-9/root/usr/bin/ar
configure:5970: result: ar
configure:6007: checking for archiver @FILE support
configure:6024: g++ -c  -g -DNDEBUG  conftest.cpp >&5
configure:6024: $? = 0
configure:6027: ar cru libconftest.a @conftest.lst >&5
configure:6030: $? = 0
configure:6035: ar cru libconftest.a @conftest.lst >&5
ar: conftest.o: No such file or directory
configure:6038: $? = 1
configure:6050: result: @
configure:6108: checking for strip
configure:6124: found /opt/rh/gcc-toolset-9/root/usr/bin/strip
configure:6135: result: strip
configure:6207: checking for ranlib
configure:6223: found /opt/rh/gcc-toolset-9/root/usr/bin/ranlib
configure:6234: result: ranlib
configure:6336: checking command to parse /opt/rh/gcc-toolset-9/root/usr/bin/nm -B output from gcc object
configure:6489: g++ -c  -g -DNDEBUG  conftest.cpp >&5
configure:6492: $? = 0
configure:6496: /opt/rh/gcc-toolset-9/root/usr/bin/nm -B conftest.o \| sed -n -e 's/^.*[ ]\([ABCDGIRSTW][ABCDGIRSTW]*\)[ ][ ]*\([_A-Za-z][_A-Za-z0-9]*\)$/\1 \2 \2/p' | sed '/ __gnu_lto/d' \> conftest.nm
configure:6499: $? = 0
configure:6565: g++ -o conftest  -g -DNDEBUG   conftest.cpp conftstm.o >&5
configure:6568: $? = 0
configure:6606: result: ok
configure:6653: checking for sysroot
configure:6683: result: no
configure:6690: checking for a working dd
configure:6728: result: /usr/bin/dd
configure:6732: checking how to truncate binary pipes
configure:6747: result: /usr/bin/dd bs=4096 count=1
configure:6884: g++ -c  -g -DNDEBUG  conftest.cpp >&5
configure:6887: $? = 0
configure:7077: checking for mt
configure:7107: result: no
configure:7127: checking if : is a manifest tool
configure:7133: : '-?'
configure:7141: result: no
configure:7818: checking how to run the C preprocessor
configure:7849: gcc -E  conftest.c
configure:7849: $? = 0
configure:7863: gcc -E  conftest.c
conftest.c:11:10: fatal error: ac_nonexistent.h: No such file or directory
   11 | #include <ac_nonexistent.h>
      |          ^~~~~~~~~~~~~~~~~~
compilation terminated.
configure:7863: $? = 1
configure: failed program was:
| /* confdefs.h */
| #define PACKAGE_NAME "Google C++ Testing Framework"
| #define PACKAGE_TARNAME "gtest"
| #define PACKAGE_VERSION "1.7.0"
| #define PACKAGE_STRING "Google C++ Testing Framework 1.7.0"
| #define PACKAGE_BUGREPORT "googletestframework@googlegroups.com"
| #define PACKAGE_URL ""
| #define PACKAGE "gtest"
| #define VERSION "1.7.0"
| /* end confdefs.h.  */
| #include <ac_nonexistent.h>
configure:7888: result: gcc -E
configure:7908: gcc -E  conftest.c
configure:7908: $? = 0
configure:7922: gcc -E  conftest.c
conftest.c:11:10: fatal error: ac_nonexistent.h: No such file or directory
   11 | #include <ac_nonexistent.h>
      |          ^~~~~~~~~~~~~~~~~~
compilation terminated.
configure:7922: $? = 1
configure: failed program was:
| /* confdefs.h */
| #define PACKAGE_NAME "Google C++ Testing Framework"
| #define PACKAGE_TARNAME "gtest"
| #define PACKAGE_VERSION "1.7.0"
| #define PACKAGE_STRING "Google C++ Testing Framework 1.7.0"
| #define PACKAGE_BUGREPORT "googletestframework@googlegroups.com"
| #define PACKAGE_URL ""
| #define PACKAGE "gtest"
| #define VERSION "1.7.0"
| /* end confdefs.h.  */
| #include <ac_nonexistent.h>
configure:7951: checking for ANSI C header files
configure:7971: gcc -c   conftest.c >&5
configure:7971: $? = 0
configure:8044: gcc -o conftest    conftest.c  >&5
configure:8044: $? = 0
configure:8044: ./conftest
configure:8044: $? = 0
configure:8055: result: yes
configure:8068: checking for sys/types.h
configure:8068: gcc -c   conftest.c >&5
configure:8068: $? = 0
configure:8068: result: yes
configure:8068: checking for sys/stat.h
configure:8068: gcc -c   conftest.c >&5
configure:8068: $? = 0
configure:8068: result: yes
configure:8068: checking for stdlib.h
configure:8068: gcc -c   conftest.c >&5
configure:8068: $? = 0
configure:8068: result: yes
configure:8068: checking for string.h
configure:8068: gcc -c   conftest.c >&5
configure:8068: $? = 0
configure:8068: result: yes
configure:8068: checking for memory.h
configure:8068: gcc -c   conftest.c >&5
configure:8068: $? = 0
configure:8068: result: yes
configure:8068: checking for strings.h
configure:8068: gcc -c   conftest.c >&5
configure:8068: $? = 0
configure:8068: result: yes
configure:8068: checking for inttypes.h
configure:8068: gcc -c   conftest.c >&5
configure:8068: $? = 0
configure:8068: result: yes
configure:8068: checking for stdint.h
configure:8068: gcc -c   conftest.c >&5
configure:8068: $? = 0
configure:8068: result: yes
configure:8068: checking for unistd.h
configure:8068: gcc -c   conftest.c >&5
configure:8068: $? = 0
configure:8068: result: yes
configure:8082: checking for dlfcn.h
configure:8082: gcc -c   conftest.c >&5
configure:8082: $? = 0
configure:8082: result: yes
configure:8348: checking for objdir
configure:8363: result: .libs
configure:8627: checking if gcc supports -fno-rtti -fno-exceptions
configure:8645: gcc -c   -fno-rtti -fno-exceptions conftest.c >&5
cc1: warning: command line option '-fno-rtti' is valid for C++/D/ObjC++ but not for C
configure:8649: $? = 0
configure:8662: result: no
configure:9020: checking for gcc option to produce PIC
configure:9027: result: -fPIC -DPIC
configure:9035: checking if gcc PIC flag -fPIC -DPIC works
configure:9053: gcc -c   -fPIC -DPIC -DPIC conftest.c >&5
configure:9057: $? = 0
configure:9070: result: yes
configure:9099: checking if gcc static flag -static works
configure:9127: result: no
configure:9142: checking if gcc supports -c -o file.o
configure:9163: gcc -c   -o out/conftest2.o conftest.c >&5
configure:9167: $? = 0
configure:9189: result: yes
configure:9197: checking if gcc supports -c -o file.o
configure:9244: result: yes
configure:9277: checking whether the gcc linker (/opt/rh/gcc-toolset-9/root/usr/bin/ld -m elf_x86_64) supports shared libraries
configure:10536: result: yes
configure:10573: checking whether -lc should be explicitly linked in
configure:10581: gcc -c   conftest.c >&5
configure:10584: $? = 0
configure:10599: gcc -shared  -fPIC -DPIC conftest.o  -v -Wl,-soname -Wl,conftest -o conftest 2\>\&1 \| /usr/bin/grep  -lc  \>/dev/null 2\>\&1
configure:10602: $? = 0
configure:10616: result: no
configure:10776: checking dynamic linker characteristics
configure:11357: gcc -o conftest    -Wl,-rpath -Wl,/foo conftest.c  >&5
configure:11357: $? = 0
configure:11597: result: GNU/Linux ld.so
configure:11719: checking how to hardcode library paths into programs
configure:11744: result: immediate
configure:12292: checking whether stripping libraries is possible
configure:12297: result: yes
configure:12332: checking if libtool supports shared libraries
configure:12334: result: yes
configure:12337: checking whether to build shared libraries
configure:12362: result: yes
configure:12365: checking whether to build static libraries
configure:12369: result: yes
configure:12392: checking how to run the C++ preprocessor
configure:12419: g++ -E  conftest.cpp
configure:12419: $? = 0
configure:12433: g++ -E  conftest.cpp
conftest.cpp:23:10: fatal error: ac_nonexistent.h: No such file or directory
   23 | #include <ac_nonexistent.h>
      |          ^~~~~~~~~~~~~~~~~~
compilation terminated.
configure:12433: $? = 1
configure: failed program was:
| /* confdefs.h */
| #define PACKAGE_NAME "Google C++ Testing Framework"
| #define PACKAGE_TARNAME "gtest"
| #define PACKAGE_VERSION "1.7.0"
| #define PACKAGE_STRING "Google C++ Testing Framework 1.7.0"
| #define PACKAGE_BUGREPORT "googletestframework@googlegroups.com"
| #define PACKAGE_URL ""
| #define PACKAGE "gtest"
| #define VERSION "1.7.0"
| #define STDC_HEADERS 1
| #define HAVE_SYS_TYPES_H 1
| #define HAVE_SYS_STAT_H 1
| #define HAVE_STDLIB_H 1
| #define HAVE_STRING_H 1
| #define HAVE_MEMORY_H 1
| #define HAVE_STRINGS_H 1
| #define HAVE_INTTYPES_H 1
| #define HAVE_STDINT_H 1
| #define HAVE_UNISTD_H 1
| #define HAVE_DLFCN_H 1
| #define LT_OBJDIR ".libs/"
| /* end confdefs.h.  */
| #include <ac_nonexistent.h>
configure:12458: result: g++ -E
configure:12478: g++ -E  conftest.cpp
configure:12478: $? = 0
configure:12492: g++ -E  conftest.cpp
conftest.cpp:23:10: fatal error: ac_nonexistent.h: No such file or directory
   23 | #include <ac_nonexistent.h>
      |          ^~~~~~~~~~~~~~~~~~
compilation terminated.
configure:12492: $? = 1
configure: failed program was:
| /* confdefs.h */
| #define PACKAGE_NAME "Google C++ Testing Framework"
| #define PACKAGE_TARNAME "gtest"
| #define PACKAGE_VERSION "1.7.0"
| #define PACKAGE_STRING "Google C++ Testing Framework 1.7.0"
| #define PACKAGE_BUGREPORT "googletestframework@googlegroups.com"
| #define PACKAGE_URL ""
| #define PACKAGE "gtest"
| #define VERSION "1.7.0"
| #define STDC_HEADERS 1
| #define HAVE_SYS_TYPES_H 1
| #define HAVE_SYS_STAT_H 1
| #define HAVE_STDLIB_H 1
| #define HAVE_STRING_H 1
| #define HAVE_MEMORY_H 1
| #define HAVE_STRINGS_H 1
| #define HAVE_INTTYPES_H 1
| #define HAVE_STDINT_H 1
| #define HAVE_UNISTD_H 1
| #define HAVE_DLFCN_H 1
| #define LT_OBJDIR ".libs/"
| /* end confdefs.h.  */
| #include <ac_nonexistent.h>
configure:12654: checking for ld used by g++
configure:12721: result: /opt/rh/gcc-toolset-9/root/usr/bin/ld -m elf_x86_64
configure:12728: checking if the linker (/opt/rh/gcc-toolset-9/root/usr/bin/ld -m elf_x86_64) is GNU ld
configure:12743: result: yes
configure:12798: checking whether the g++ linker (/opt/rh/gcc-toolset-9/root/usr/bin/ld -m elf_x86_64) supports shared libraries
configure:13871: result: yes
configure:13907: g++ -c  -g -DNDEBUG  conftest.cpp >&5
configure:13910: $? = 0
configure:14391: checking for g++ option to produce PIC
configure:14398: result: -fPIC -DPIC
configure:14406: checking if g++ PIC flag -fPIC -DPIC works
configure:14424: g++ -c  -g -DNDEBUG  -fPIC -DPIC -DPIC conftest.cpp >&5
configure:14428: $? = 0
configure:14441: result: yes
configure:14464: checking if g++ static flag -static works
configure:14492: result: no
configure:14504: checking if g++ supports -c -o file.o
configure:14525: g++ -c  -g -DNDEBUG  -o out/conftest2.o conftest.cpp >&5
configure:14529: $? = 0
configure:14551: result: yes
configure:14556: checking if g++ supports -c -o file.o
configure:14603: result: yes
configure:14633: checking whether the g++ linker (/opt/rh/gcc-toolset-9/root/usr/bin/ld -m elf_x86_64) supports shared libraries
configure:14673: result: yes
configure:14814: checking dynamic linker characteristics
configure:15562: result: GNU/Linux ld.so
configure:15627: checking how to hardcode library paths into programs
configure:15652: result: immediate
configure:15722: checking for python
configure:15753: result: :
configure:15967: checking for the pthreads library -lpthreads
configure:16000: gcc -o conftest     conftest.c -lpthreads  >&5
/opt/rh/gcc-toolset-9/root/usr/bin/ld: cannot find -lpthreads
collect2: error: ld returned 1 exit status
configure:16000: $? = 1
configure: failed program was:
| /* confdefs.h */
| #define PACKAGE_NAME "Google C++ Testing Framework"
| #define PACKAGE_TARNAME "gtest"
| #define PACKAGE_VERSION "1.7.0"
| #define PACKAGE_STRING "Google C++ Testing Framework 1.7.0"
| #define PACKAGE_BUGREPORT "googletestframework@googlegroups.com"
| #define PACKAGE_URL ""
| #define PACKAGE "gtest"
| #define VERSION "1.7.0"
| #define STDC_HEADERS 1
| #define HAVE_SYS_TYPES_H 1
| #define HAVE_SYS_STAT_H 1
| #define HAVE_STDLIB_H 1
| #define HAVE_STRING_H 1
| #define HAVE_MEMORY_H 1
| #define HAVE_STRINGS_H 1
| #define HAVE_INTTYPES_H 1
| #define HAVE_STDINT_H 1
| #define HAVE_UNISTD_H 1
| #define HAVE_DLFCN_H 1
| #define LT_OBJDIR ".libs/"
| /* end confdefs.h.  */
| #include <pthread.h>
| int
| main ()
| {
| pthread_t th; pthread_join(th, 0);
|                      pthread_attr_init(0); pthread_cleanup_push(0, 0);
|                      pthread_create(0,0,0,0); pthread_cleanup_pop(0);
|   ;
|   return 0;
| }
configure:16009: result: no
configure:15912: checking whether pthreads work without any flags
configure:16000: gcc -o conftest     conftest.c   >&5
/opt/rh/gcc-toolset-9/root/usr/bin/ld: /tmp/ccv05h9V.o: in function `main':
conftest.c:(.text+0x18): undefined reference to `pthread_join'
/opt/rh/gcc-toolset-9/root/usr/bin/ld: conftest.c:(.text+0x7e): undefined reference to `__pthread_register_cancel'
/opt/rh/gcc-toolset-9/root/usr/bin/ld: conftest.c:(.text+0x97): undefined reference to `pthread_create'
/opt/rh/gcc-toolset-9/root/usr/bin/ld: conftest.c:(.text+0xa6): undefined reference to `__pthread_unregister_cancel'
collect2: error: ld returned 1 exit status
configure:16000: $? = 1
configure: failed program was:
| /* confdefs.h */
| #define PACKAGE_NAME "Google C++ Testing Framework"
| #define PACKAGE_TARNAME "gtest"
| #define PACKAGE_VERSION "1.7.0"
| #define PACKAGE_STRING "Google C++ Testing Framework 1.7.0"
| #define PACKAGE_BUGREPORT "googletestframework@googlegroups.com"
| #define PACKAGE_URL ""
| #define PACKAGE "gtest"
| #define VERSION "1.7.0"
| #define STDC_HEADERS 1
| #define HAVE_SYS_TYPES_H 1
| #define HAVE_SYS_STAT_H 1
| #define HAVE_STDLIB_H 1
| #define HAVE_STRING_H 1
| #define HAVE_MEMORY_H 1
| #define HAVE_STRINGS_H 1
| #define HAVE_INTTYPES_H 1
| #define HAVE_STDINT_H 1
| #define HAVE_UNISTD_H 1
| #define HAVE_DLFCN_H 1
| #define LT_OBJDIR ".libs/"
| /* end confdefs.h.  */
| #include <pthread.h>
| int
| main ()
| {
| pthread_t th; pthread_join(th, 0);
|                      pthread_attr_init(0); pthread_cleanup_push(0, 0);
|                      pthread_create(0,0,0,0); pthread_cleanup_pop(0);
|   ;
|   return 0;
| }
configure:16009: result: no
configure:15917: checking whether pthreads work with -Kthread
configure:16000: gcc -o conftest  -Kthread   conftest.c   >&5
gcc: error: unrecognized command line option '-Kthread'; did you mean '-pthread'?
configure:16000: $? = 1
configure: failed program was:
| /* confdefs.h */
| #define PACKAGE_NAME "Google C++ Testing Framework"
| #define PACKAGE_TARNAME "gtest"
| #define PACKAGE_VERSION "1.7.0"
| #define PACKAGE_STRING "Google C++ Testing Framework 1.7.0"
| #define PACKAGE_BUGREPORT "googletestframework@googlegroups.com"
| #define PACKAGE_URL ""
| #define PACKAGE "gtest"
| #define VERSION "1.7.0"
| #define STDC_HEADERS 1
| #define HAVE_SYS_TYPES_H 1
| #define HAVE_SYS_STAT_H 1
| #define HAVE_STDLIB_H 1
| #define HAVE_STRING_H 1
| #define HAVE_MEMORY_H 1
| #define HAVE_STRINGS_H 1
| #define HAVE_INTTYPES_H 1
| #define HAVE_STDINT_H 1
| #define HAVE_UNISTD_H 1
| #define HAVE_DLFCN_H 1
| #define LT_OBJDIR ".libs/"
| /* end confdefs.h.  */
| #include <pthread.h>
| int
| main ()
| {
| pthread_t th; pthread_join(th, 0);
|                      pthread_attr_init(0); pthread_cleanup_push(0, 0);
|                      pthread_create(0,0,0,0); pthread_cleanup_pop(0);
|   ;
|   return 0;
| }
configure:16009: result: no
configure:15917: checking whether pthreads work with -kthread
configure:16000: gcc -o conftest  -kthread   conftest.c   >&5
gcc: error: unrecognized command line option '-kthread'; did you mean '-pthread'?
configure:16000: $? = 1
configure: failed program was:
| /* confdefs.h */
| #define PACKAGE_NAME "Google C++ Testing Framework"
| #define PACKAGE_TARNAME "gtest"
| #define PACKAGE_VERSION "1.7.0"
| #define PACKAGE_STRING "Google C++ Testing Framework 1.7.0"
| #define PACKAGE_BUGREPORT "googletestframework@googlegroups.com"
| #define PACKAGE_URL ""
| #define PACKAGE "gtest"
| #define VERSION "1.7.0"
| #define STDC_HEADERS 1
| #define HAVE_SYS_TYPES_H 1
| #define HAVE_SYS_STAT_H 1
| #define HAVE_STDLIB_H 1
| #define HAVE_STRING_H 1
| #define HAVE_MEMORY_H 1
| #define HAVE_STRINGS_H 1
| #define HAVE_INTTYPES_H 1
| #define HAVE_STDINT_H 1
| #define HAVE_UNISTD_H 1
| #define HAVE_DLFCN_H 1
| #define LT_OBJDIR ".libs/"
| /* end confdefs.h.  */
| #include <pthread.h>
| int
| main ()
| {
| pthread_t th; pthread_join(th, 0);
|                      pthread_attr_init(0); pthread_cleanup_push(0, 0);
|                      pthread_create(0,0,0,0); pthread_cleanup_pop(0);
|   ;
|   return 0;
| }
configure:16009: result: no
configure:15967: checking for the pthreads library -llthread
configure:16000: gcc -o conftest     conftest.c -llthread  >&5
/opt/rh/gcc-toolset-9/root/usr/bin/ld: cannot find -llthread
collect2: error: ld returned 1 exit status
configure:16000: $? = 1
configure: failed program was:
| /* confdefs.h */
| #define PACKAGE_NAME "Google C++ Testing Framework"
| #define PACKAGE_TARNAME "gtest"
| #define PACKAGE_VERSION "1.7.0"
| #define PACKAGE_STRING "Google C++ Testing Framework 1.7.0"
| #define PACKAGE_BUGREPORT "googletestframework@googlegroups.com"
| #define PACKAGE_URL ""
| #define PACKAGE "gtest"
| #define VERSION "1.7.0"
| #define STDC_HEADERS 1
| #define HAVE_SYS_TYPES_H 1
| #define HAVE_SYS_STAT_H 1
| #define HAVE_STDLIB_H 1
| #define HAVE_STRING_H 1
| #define HAVE_MEMORY_H 1
| #define HAVE_STRINGS_H 1
| #define HAVE_INTTYPES_H 1
| #define HAVE_STDINT_H 1
| #define HAVE_UNISTD_H 1
| #define HAVE_DLFCN_H 1
| #define LT_OBJDIR ".libs/"
| /* end confdefs.h.  */
| #include <pthread.h>
| int
| main ()
| {
| pthread_t th; pthread_join(th, 0);
|                      pthread_attr_init(0); pthread_cleanup_push(0, 0);
|                      pthread_create(0,0,0,0); pthread_cleanup_pop(0);
|   ;
|   return 0;
| }
configure:16009: result: no
configure:15917: checking whether pthreads work with -pthread
configure:16000: gcc -o conftest  -pthread   conftest.c   >&5
configure:16000: $? = 0
configure:16009: result: yes
configure:16028: checking for joinable pthread attribute
configure:16043: gcc -o conftest  -pthread   conftest.c   >&5
configure:16043: $? = 0
configure:16049: result: PTHREAD_CREATE_JOINABLE
configure:16059: checking if more special flags are required for pthreads
configure:16066: result: no
configure:16155: checking whether to check for GCC pthread/shared inconsistencies
configure:16168: gcc -o conftest -shared -fPIC -Wl,-z,defs  -pthread   conftest.c   >&5
configure:16168: $? = 0
configure:16180: result: yes
configure:16186: checking whether -pthread is sufficient with -shared
configure:16201: gcc -o conftest -shared -fPIC -Wl,-z,defs  -pthread   conftest.c   >&5
configure:16201: $? = 0
configure:16208: result: yes
configure:16457: checking that generated files are newer than configure
configure:16463: result: done
configure:16498: creating ./config.status

## ---------------------- ##
## Running config.status. ##
## ---------------------- ##

This file was extended by Google C++ Testing Framework config.status 1.7.0, which was
generated by GNU Autoconf 2.69.  Invocation command line was

  CONFIG_FILES    = 
  CONFIG_HEADERS  = 
  CONFIG_LINKS    = 
  CONFIG_COMMANDS = 
  $ ./config.status 

on localhost.localdomain

config.status:1157: creating Makefile
config.status:1157: creating scripts/gtest-config
config.status:1157: creating build-aux/config.h
config.status:1338: build-aux/config.h is unchanged
config.status:1386: executing depfiles commands
config.status:1464: cd .       && sed -e '/# am--include-marker/d' Makefile         | make -f - am--depfiles
make: Nothing to be done for 'am--depfiles'.
config.status:1469: $? = 0
config.status:1386: executing libtool commands

## ---------------- ##
## Cache variables. ##
## ---------------- ##

ac_cv_build=x86_64-pc-linux-gnu
ac_cv_c_compiler_gnu=yes
ac_cv_cxx_compiler_gnu=yes
ac_cv_env_CCC_set=
ac_cv_env_CCC_value=
ac_cv_env_CC_set=
ac_cv_env_CC_value=
ac_cv_env_CFLAGS_set=set
ac_cv_env_CFLAGS_value=
ac_cv_env_CPPFLAGS_set=
ac_cv_env_CPPFLAGS_value=
ac_cv_env_CPP_set=
ac_cv_env_CPP_value=
ac_cv_env_CXXCPP_set=
ac_cv_env_CXXCPP_value=
ac_cv_env_CXXFLAGS_set=set
ac_cv_env_CXXFLAGS_value=' -g -DNDEBUG'
ac_cv_env_CXX_set=
ac_cv_env_CXX_value=
ac_cv_env_LDFLAGS_set=
ac_cv_env_LDFLAGS_value=
ac_cv_env_LIBS_set=
ac_cv_env_LIBS_value=
ac_cv_env_LT_SYS_LIBRARY_PATH_set=
ac_cv_env_LT_SYS_LIBRARY_PATH_value=
ac_cv_env_build_alias_set=
ac_cv_env_build_alias_value=
ac_cv_env_host_alias_set=
ac_cv_env_host_alias_value=
ac_cv_env_target_alias_set=
ac_cv_env_target_alias_value=
ac_cv_header_dlfcn_h=yes
ac_cv_header_inttypes_h=yes
ac_cv_header_memory_h=yes
ac_cv_header_stdc=yes
ac_cv_header_stdint_h=yes
ac_cv_header_stdlib_h=yes
ac_cv_header_string_h=yes
ac_cv_header_strings_h=yes
ac_cv_header_sys_stat_h=yes
ac_cv_header_sys_types_h=yes
ac_cv_header_unistd_h=yes
ac_cv_host=x86_64-pc-linux-gnu
ac_cv_objext=o
ac_cv_path_EGREP='/usr/bin/grep -E'
ac_cv_path_FGREP='/usr/bin/grep -F'
ac_cv_path_GREP=/usr/bin/grep
ac_cv_path_PYTHON=:
ac_cv_path_SED=/usr/bin/sed
ac_cv_path_install='/usr/bin/install -c'
ac_cv_path_lt_DD=/usr/bin/dd
ac_cv_path_mkdir=/usr/bin/mkdir
ac_cv_prog_AWK=gawk
ac_cv_prog_CPP='gcc -E'
ac_cv_prog_CXXCPP='g++ -E'
ac_cv_prog_ac_ct_AR=ar
ac_cv_prog_ac_ct_CC=gcc
ac_cv_prog_ac_ct_CXX=g++
ac_cv_prog_ac_ct_OBJDUMP=objdump
ac_cv_prog_ac_ct_RANLIB=ranlib
ac_cv_prog_ac_ct_STRIP=strip
ac_cv_prog_cc_c89=
ac_cv_prog_cc_g=yes
ac_cv_prog_cxx_g=yes
ac_cv_prog_make_make_set=yes
am_cv_CC_dependencies_compiler_type=gcc3
am_cv_CXX_dependencies_compiler_type=gcc3
am_cv_make_support_nested_variables=yes
am_cv_prog_cc_c_o=yes
lt_cv_ar_at_file=@
lt_cv_archive_cmds_need_lc=no
lt_cv_deplibs_check_method=pass_all
lt_cv_file_magic_cmd='$MAGIC_CMD'
lt_cv_file_magic_test_file=
lt_cv_ld_reload_flag=-r
lt_cv_nm_interface='BSD nm'
lt_cv_objdir=.libs
lt_cv_path_LD=/opt/rh/gcc-toolset-9/root/usr/bin/ld
lt_cv_path_LDCXX='/opt/rh/gcc-toolset-9/root/usr/bin/ld -m elf_x86_64'
lt_cv_path_NM='/opt/rh/gcc-toolset-9/root/usr/bin/nm -B'
lt_cv_path_mainfest_tool=no
lt_cv_prog_compiler_c_o=yes
lt_cv_prog_compiler_c_o_CXX=yes
lt_cv_prog_compiler_pic='-fPIC -DPIC'
lt_cv_prog_compiler_pic_CXX='-fPIC -DPIC'
lt_cv_prog_compiler_pic_works=yes
lt_cv_prog_compiler_pic_works_CXX=yes
lt_cv_prog_compiler_rtti_exceptions=no
lt_cv_prog_compiler_static_works=no
lt_cv_prog_compiler_static_works_CXX=no
lt_cv_prog_gnu_ld=yes
lt_cv_prog_gnu_ldcxx=yes
lt_cv_sharedlib_from_linklib_cmd='printf %s\n'
lt_cv_shlibpath_overrides_runpath=no
lt_cv_sys_global_symbol_pipe='sed -n -e '\''s/^.*[	 ]\([ABCDGIRSTW][ABCDGIRSTW]*\)[	 ][	 ]*\([_A-Za-z][_A-Za-z0-9]*\)$/\1 \2 \2/p'\'' | sed '\''/ __gnu_lto/d'\'''
lt_cv_sys_global_symbol_to_c_name_address='sed -n -e '\''s/^: \(.*\) .*$/  {"\1", (void *) 0},/p'\'' -e '\''s/^[ABCDGIRSTW][ABCDGIRSTW]* .* \(.*\)$/  {"\1", (void *) \&\1},/p'\'''
lt_cv_sys_global_symbol_to_c_name_address_lib_prefix='sed -n -e '\''s/^: \(.*\) .*$/  {"\1", (void *) 0},/p'\'' -e '\''s/^[ABCDGIRSTW][ABCDGIRSTW]* .* \(lib.*\)$/  {"\1", (void *) \&\1},/p'\'' -e '\''s/^[ABCDGIRSTW][ABCDGIRSTW]* .* \(.*\)$/  {"lib\1", (void *) \&\1},/p'\'''
lt_cv_sys_global_symbol_to_cdecl='sed -n -e '\''s/^T .* \(.*\)$/extern int \1();/p'\'' -e '\''s/^[ABCDGIRSTW][ABCDGIRSTW]* .* \(.*\)$/extern char \1;/p'\'''
lt_cv_sys_global_symbol_to_import=
lt_cv_sys_max_cmd_len=1572864
lt_cv_to_host_file_cmd=func_convert_file_noop
lt_cv_to_tool_file_cmd=func_convert_file_noop
lt_cv_truncate_bin='/usr/bin/dd bs=4096 count=1'

## ----------------- ##
## Output variables. ##
## ----------------- ##

ACLOCAL='${SHELL} /home/summerxwu/code/kunlun/zettalib/src/vendor/protobuf-3.5.0/gmock/gtest/build-aux/missing aclocal-1.16'
AMDEPBACKSLASH='\'
AMDEP_FALSE='#'
AMDEP_TRUE=''
AMTAR='$${TAR-tar}'
AM_BACKSLASH='\'
AM_DEFAULT_V='$(AM_DEFAULT_VERBOSITY)'
AM_DEFAULT_VERBOSITY='1'
AM_V='$(V)'
AR='ar'
AUTOCONF='${SHELL} /home/summerxwu/code/kunlun/zettalib/src/vendor/protobuf-3.5.0/gmock/gtest/build-aux/missing autoconf'
AUTOHEADER='${SHELL} /home/summerxwu/code/kunlun/zettalib/src/vendor/protobuf-3.5.0/gmock/gtest/build-aux/missing autoheader'
AUTOMAKE='${SHELL} /home/summerxwu/code/kunlun/zettalib/src/vendor/protobuf-3.5.0/gmock/gtest/build-aux/missing automake-1.16'
AWK='gawk'
CC='gcc'
CCDEPMODE='depmode=gcc3'
CFLAGS=''
CPP='gcc -E'
CPPFLAGS=''
CXX='g++'
CXXCPP='g++ -E'
CXXDEPMODE='depmode=gcc3'
CXXFLAGS=' -g -DNDEBUG'
CYGPATH_W='echo'
DEFS='-DHAVE_CONFIG_H'
DEPDIR='.deps'
DLLTOOL='false'
DSYMUTIL=''
DUMPBIN=''
ECHO_C=''
ECHO_N='-n'
ECHO_T=''
EGREP='/usr/bin/grep -E'
EXEEXT=''
FGREP='/usr/bin/grep -F'
GREP='/usr/bin/grep'
HAVE_PTHREADS_FALSE='#'
HAVE_PTHREADS_TRUE=''
HAVE_PYTHON_FALSE=''
HAVE_PYTHON_TRUE='#'
INSTALL_DATA='${INSTALL} -m 644'
INSTALL_PROGRAM='${INSTALL}'
INSTALL_SCRIPT='${INSTALL}'
INSTALL_STRIP_PROGRAM='$(install_sh) -c -s'
LD='/opt/rh/gcc-toolset-9/root/usr/bin/ld -m elf_x86_64'
LDFLAGS=''
LIBOBJS=''
LIBS=''
LIBTOOL='$(SHELL) $(top_builddir)/libtool'
LIPO=''
LN_S='ln -s'
LTLIBOBJS=''
LT_SYS_LIBRARY_PATH=''
MAKEINFO='${SHELL} /home/summerxwu/code/kunlun/zettalib/src/vendor/protobuf-3.5.0/gmock/gtest/build-aux/missing makeinfo'
MANIFEST_TOOL=':'
MKDIR_P='/usr/bin/mkdir -p'
NM='/opt/rh/gcc-toolset-9/root/usr/bin/nm -B'
NMEDIT=''
OBJDUMP='objdump'
OBJEXT='o'
OTOOL64=''
OTOOL=''
PACKAGE='gtest'
PACKAGE_BUGREPORT='googletestframework@googlegroups.com'
PACKAGE_NAME='Google C++ Testing Framework'
PACKAGE_STRING='Google C++ Testing Framework 1.7.0'
PACKAGE_TARNAME='gtest'
PACKAGE_URL=''
PACKAGE_VERSION='1.7.0'
PATH_SEPARATOR=':'
PTHREAD_CC='gcc'
PTHREAD_CFLAGS='-pthread'
PTHREAD_LIBS=''
PYTHON=':'
RANLIB='ranlib'
SED='/usr/bin/sed'
SET_MAKE=''
SHELL='/bin/sh'
STRIP='strip'
VERSION='1.7.0'
ac_ct_AR='ar'
ac_ct_CC='gcc'
ac_ct_CXX='g++'
ac_ct_DUMPBIN=''
acx_pthread_config=''
am__EXEEXT_FALSE=''
am__EXEEXT_TRUE='#'
am__fastdepCC_FALSE='#'
am__fastdepCC_TRUE=''
am__fastdepCXX_FALSE='#'
am__fastdepCXX_TRUE=''
am__include='include'
am__isrc=''
am__leading_dot='.'
am__nodep='_no'
am__quote=''
am__tar='$${TAR-tar} chof - "$$tardir"'
am__untar='$${TAR-tar} xf -'
bindir='${exec_prefix}/bin'
build='x86_64-pc-linux-gnu'
build_alias=''
build_cpu='x86_64'
build_os='linux-gnu'
build_vendor='pc'
datadir='${datarootdir}'
datarootdir='${prefix}/share'
docdir='${datarootdir}/doc/${PACKAGE_TARNAME}'
dvidir='${docdir}'
exec_prefix='${prefix}'
host='x86_64-pc-linux-gnu'
host_alias=''
host_cpu='x86_64'
host_os='linux-gnu'
host_vendor='pc'
htmldir='${docdir}'
includedir='${prefix}/include'
infodir='${datarootdir}/info'
install_sh='${SHELL} /home/summerxwu/code/kunlun/zettalib/src/vendor/protobuf-3.5.0/gmock/gtest/build-aux/install-sh'
libdir='${exec_prefix}/lib'
libexecdir='${exec_prefix}/libexec'
localedir='${datarootdir}/locale'
localstatedir='${prefix}/var'
mandir='${datarootdir}/man'
mkdir_p='$(MKDIR_P)'
oldincludedir='/usr/include'
pdfdir='${docdir}'
prefix='/home/summerxwu/code/kunlun/zettalib/src/vendor/vendor_output'
program_transform_name='s,x,x,'
psdir='${docdir}'
sbindir='${exec_prefix}/sbin'
sharedstatedir='${prefix}/com'
sysconfdir='${prefix}/etc'
target_alias=''

## ----------- ##
## confdefs.h. ##
## ----------- ##

/* confdefs.h */
#define PACKAGE_NAME "Google C++ Testing Framework"
#define PACKAGE_TARNAME "gtest"
#define PACKAGE_VERSION "1.7.0"
#define PACKAGE_STRING "Google C++ Testing Framework 1.7.0"
#define PACKAGE_BUGREPORT "googletestframework@googlegroups.com"
#define PACKAGE_URL ""
#define PACKAGE "gtest"
#define VERSION "1.7.0"
#define STDC_HEADERS 1
#define HAVE_SYS_TYPES_H 1
#define HAVE_SYS_STAT_H 1
#define HAVE_STDLIB_H 1
#define HAVE_STRING_H 1
#define HAVE_MEMORY_H 1
#define HAVE_STRINGS_H 1
#define HAVE_INTTYPES_H 1
#define HAVE_STDINT_H 1
#define HAVE_UNISTD_H 1
#define HAVE_DLFCN_H 1
#define LT_OBJDIR ".libs/"
#define HAVE_PTHREAD 1

configure: exit 0
